::1 - - [12/Dec/2021:15:33:05 +0000] "POST /api/rateable_person/ HTTP/1.1" 400 52 "-" "PostmanRuntime/7.26.10"
::1 - - [12/Dec/2021:15:33:08 +0000] "GET /api/team/rating/Everton/1/1 HTTP/1.1" 200 1 "-" "PostmanRuntime/7.26.10"
::1 - - [12/Dec/2021:15:34:34 +0000] "GET /api/gameweek/team/1 HTTP/1.1" 404 55 "http://localhost:3000/" "Mozilla/5.0 (Windows NT 10.0; Win64; x64) AppleWebKit/537.36 (KHTML, like Gecko) Chrome/96.0.4664.93 Safari/537.36 Edg/96.0.1054.53"
::1 - - [12/Dec/2021:15:34:43 +0000] "GET /api/gameweek/team/1 HTTP/1.1" 404 55 "http://localhost:3000/" "Mozilla/5.0 (Windows NT 10.0; Win64; x64) AppleWebKit/537.36 (KHTML, like Gecko) Chrome/96.0.4664.93 Safari/537.36 Edg/96.0.1054.53"
::1 - - [12/Dec/2021:15:34:54 +0000] "OPTIONS /api/season/ HTTP/1.1" 200 4 "http://localhost:3000/" "Mozilla/5.0 (Windows NT 10.0; Win64; x64) AppleWebKit/537.36 (KHTML, like Gecko) Chrome/96.0.4664.93 Safari/537.36 Edg/96.0.1054.53"
::1 - - [12/Dec/2021:15:34:54 +0000] "POST /api/season/ HTTP/1.1" 400 44 "http://localhost:3000/" "Mozilla/5.0 (Windows NT 10.0; Win64; x64) AppleWebKit/537.36 (KHTML, like Gecko) Chrome/96.0.4664.93 Safari/537.36 Edg/96.0.1054.53"
::1 - - [12/Dec/2021:15:35:06 +0000] "OPTIONS /api/gameweek/ HTTP/1.1" 200 4 "http://localhost:3000/" "Mozilla/5.0 (Windows NT 10.0; Win64; x64) AppleWebKit/537.36 (KHTML, like Gecko) Chrome/96.0.4664.93 Safari/537.36 Edg/96.0.1054.53"
::1 - - [12/Dec/2021:15:35:06 +0000] "POST /api/gameweek/ HTTP/1.1" 200 200 "http://localhost:3000/" "Mozilla/5.0 (Windows NT 10.0; Win64; x64) AppleWebKit/537.36 (KHTML, like Gecko) Chrome/96.0.4664.93 Safari/537.36 Edg/96.0.1054.53"
::1 - - [12/Dec/2021:15:35:16 +0000] "OPTIONS /api/team/ HTTP/1.1" 200 4 "http://localhost:3000/" "Mozilla/5.0 (Windows NT 10.0; Win64; x64) AppleWebKit/537.36 (KHTML, like Gecko) Chrome/96.0.4664.93 Safari/537.36 Edg/96.0.1054.53"
::1 - - [12/Dec/2021:15:35:16 +0000] "POST /api/team/ HTTP/1.1" 400 42 "http://localhost:3000/" "Mozilla/5.0 (Windows NT 10.0; Win64; x64) AppleWebKit/537.36 (KHTML, like Gecko) Chrome/96.0.4664.93 Safari/537.36 Edg/96.0.1054.53"
::1 - - [12/Dec/2021:15:35:31 +0000] "OPTIONS /api/rateable_person/ HTTP/1.1" 200 13 "http://localhost:3000/" "Mozilla/5.0 (Windows NT 10.0; Win64; x64) AppleWebKit/537.36 (KHTML, like Gecko) Chrome/96.0.4664.93 Safari/537.36 Edg/96.0.1054.53"
::1 - - [12/Dec/2021:15:35:31 +0000] "POST /api/rateable_person/ HTTP/1.1" 200 208 "http://localhost:3000/" "Mozilla/5.0 (Windows NT 10.0; Win64; x64) AppleWebKit/537.36 (KHTML, like Gecko) Chrome/96.0.4664.93 Safari/537.36 Edg/96.0.1054.53"
::1 - - [12/Dec/2021:15:35:40 +0000] "OPTIONS /api/rateable_person/ HTTP/1.1" 200 13 "http://localhost:3000/" "Mozilla/5.0 (Windows NT 10.0; Win64; x64) AppleWebKit/537.36 (KHTML, like Gecko) Chrome/96.0.4664.93 Safari/537.36 Edg/96.0.1054.53"
::1 - - [12/Dec/2021:15:35:41 +0000] "POST /api/rateable_person/ HTTP/1.1" 200 208 "http://localhost:3000/" "Mozilla/5.0 (Windows NT 10.0; Win64; x64) AppleWebKit/537.36 (KHTML, like Gecko) Chrome/96.0.4664.93 Safari/537.36 Edg/96.0.1054.53"
::1 - - [12/Dec/2021:15:35:43 +0000] "GET /api/gameweek/team/1 HTTP/1.1" 200 2 "http://localhost:3000/" "Mozilla/5.0 (Windows NT 10.0; Win64; x64) AppleWebKit/537.36 (KHTML, like Gecko) Chrome/96.0.4664.93 Safari/537.36 Edg/96.0.1054.53"
::1 - - [12/Dec/2021:15:35:45 +0000] "GET /api/gameweek/team/1 HTTP/1.1" 304 - "http://localhost:3000/" "Mozilla/5.0 (Windows NT 10.0; Win64; x64) AppleWebKit/537.36 (KHTML, like Gecko) Chrome/96.0.4664.93 Safari/537.36 Edg/96.0.1054.53"
::1 - - [12/Dec/2021:15:35:47 +0000] "GET /api/gameweek/team/2 HTTP/1.1" 200 196 "http://localhost:3000/" "Mozilla/5.0 (Windows NT 10.0; Win64; x64) AppleWebKit/537.36 (KHTML, like Gecko) Chrome/96.0.4664.93 Safari/537.36 Edg/96.0.1054.53"
::1 - - [12/Dec/2021:15:35:49 +0000] "GET /api/gameweek/team/1 HTTP/1.1" 304 - "http://localhost:3000/" "Mozilla/5.0 (Windows NT 10.0; Win64; x64) AppleWebKit/537.36 (KHTML, like Gecko) Chrome/96.0.4664.93 Safari/537.36 Edg/96.0.1054.53"
::1 - - [12/Dec/2021:15:36:23 +0000] "GET /api/gameweek/team/1 HTTP/1.1" 304 - "http://localhost:3000/" "Mozilla/5.0 (Windows NT 10.0; Win64; x64) AppleWebKit/537.36 (KHTML, like Gecko) Chrome/96.0.4664.93 Safari/537.36 Edg/96.0.1054.53"
::1 - - [12/Dec/2021:15:36:24 +0000] "GET /api/gameweek/team/2 HTTP/1.1" 304 - "http://localhost:3000/" "Mozilla/5.0 (Windows NT 10.0; Win64; x64) AppleWebKit/537.36 (KHTML, like Gecko) Chrome/96.0.4664.93 Safari/537.36 Edg/96.0.1054.53"
::1 - - [12/Dec/2021:15:36:26 +0000] "GET /api/team/rateable_persons/Liverpool/1/2 HTTP/1.1" 200 2 "http://localhost:3000/" "Mozilla/5.0 (Windows NT 10.0; Win64; x64) AppleWebKit/537.36 (KHTML, like Gecko) Chrome/96.0.4664.93 Safari/537.36 Edg/96.0.1054.53"
::1 - - [12/Dec/2021:15:36:43 +0000] "OPTIONS /api/rateable_person/ HTTP/1.1" 200 13 "http://localhost:3000/" "Mozilla/5.0 (Windows NT 10.0; Win64; x64) AppleWebKit/537.36 (KHTML, like Gecko) Chrome/96.0.4664.93 Safari/537.36 Edg/96.0.1054.53"
::1 - - [12/Dec/2021:15:36:43 +0000] "POST /api/rateable_person/ HTTP/1.1" 200 208 "http://localhost:3000/" "Mozilla/5.0 (Windows NT 10.0; Win64; x64) AppleWebKit/537.36 (KHTML, like Gecko) Chrome/96.0.4664.93 Safari/537.36 Edg/96.0.1054.53"
::1 - - [12/Dec/2021:15:37:01 +0000] "OPTIONS /api/rateable_person/ HTTP/1.1" 200 13 "http://localhost:3000/" "Mozilla/5.0 (Windows NT 10.0; Win64; x64) AppleWebKit/537.36 (KHTML, like Gecko) Chrome/96.0.4664.93 Safari/537.36 Edg/96.0.1054.53"
::1 - - [12/Dec/2021:15:37:01 +0000] "POST /api/rateable_person/ HTTP/1.1" 200 208 "http://localhost:3000/" "Mozilla/5.0 (Windows NT 10.0; Win64; x64) AppleWebKit/537.36 (KHTML, like Gecko) Chrome/96.0.4664.93 Safari/537.36 Edg/96.0.1054.53"
::1 - - [12/Dec/2021:15:37:10 +0000] "OPTIONS /api/rateable_person/ HTTP/1.1" 200 13 "http://localhost:3000/" "Mozilla/5.0 (Windows NT 10.0; Win64; x64) AppleWebKit/537.36 (KHTML, like Gecko) Chrome/96.0.4664.93 Safari/537.36 Edg/96.0.1054.53"
::1 - - [12/Dec/2021:15:37:10 +0000] "POST /api/rateable_person/ HTTP/1.1" 200 208 "http://localhost:3000/" "Mozilla/5.0 (Windows NT 10.0; Win64; x64) AppleWebKit/537.36 (KHTML, like Gecko) Chrome/96.0.4664.93 Safari/537.36 Edg/96.0.1054.53"
::1 - - [12/Dec/2021:15:37:17 +0000] "OPTIONS /api/rateable_person/ HTTP/1.1" 200 13 "http://localhost:3000/" "Mozilla/5.0 (Windows NT 10.0; Win64; x64) AppleWebKit/537.36 (KHTML, like Gecko) Chrome/96.0.4664.93 Safari/537.36 Edg/96.0.1054.53"
::1 - - [12/Dec/2021:15:37:18 +0000] "POST /api/rateable_person/ HTTP/1.1" 200 208 "http://localhost:3000/" "Mozilla/5.0 (Windows NT 10.0; Win64; x64) AppleWebKit/537.36 (KHTML, like Gecko) Chrome/96.0.4664.93 Safari/537.36 Edg/96.0.1054.53"
::1 - - [12/Dec/2021:15:37:21 +0000] "GET /api/gameweek/team/1 HTTP/1.1" 304 - "http://localhost:3000/" "Mozilla/5.0 (Windows NT 10.0; Win64; x64) AppleWebKit/537.36 (KHTML, like Gecko) Chrome/96.0.4664.93 Safari/537.36 Edg/96.0.1054.53"
::1 - - [12/Dec/2021:15:37:22 +0000] "GET /api/gameweek/team/2 HTTP/1.1" 200 335 "http://localhost:3000/" "Mozilla/5.0 (Windows NT 10.0; Win64; x64) AppleWebKit/537.36 (KHTML, like Gecko) Chrome/96.0.4664.93 Safari/537.36 Edg/96.0.1054.53"
::1 - - [12/Dec/2021:15:37:25 +0000] "GET /api/team/rateable_persons/Liverpool/1/2 HTTP/1.1" 200 879 "http://localhost:3000/" "Mozilla/5.0 (Windows NT 10.0; Win64; x64) AppleWebKit/537.36 (KHTML, like Gecko) Chrome/96.0.4664.93 Safari/537.36 Edg/96.0.1054.53"
::1 - - [12/Dec/2021:15:37:32 +0000] "GET /api/gameweek/team/1 HTTP/1.1" 304 - "http://localhost:3000/" "Mozilla/5.0 (Windows NT 10.0; Win64; x64) AppleWebKit/537.36 (KHTML, like Gecko) Chrome/96.0.4664.93 Safari/537.36 Edg/96.0.1054.53"
::1 - - [12/Dec/2021:15:37:34 +0000] "GET /api/gameweek/team/2 HTTP/1.1" 304 - "http://localhost:3000/" "Mozilla/5.0 (Windows NT 10.0; Win64; x64) AppleWebKit/537.36 (KHTML, like Gecko) Chrome/96.0.4664.93 Safari/537.36 Edg/96.0.1054.53"
::1 - - [12/Dec/2021:15:37:54 +0000] "OPTIONS /api/team/ HTTP/1.1" 200 4 "http://localhost:3000/" "Mozilla/5.0 (Windows NT 10.0; Win64; x64) AppleWebKit/537.36 (KHTML, like Gecko) Chrome/96.0.4664.93 Safari/537.36 Edg/96.0.1054.53"
::1 - - [12/Dec/2021:15:37:54 +0000] "POST /api/team/ HTTP/1.1" 400 42 "http://localhost:3000/" "Mozilla/5.0 (Windows NT 10.0; Win64; x64) AppleWebKit/537.36 (KHTML, like Gecko) Chrome/96.0.4664.93 Safari/537.36 Edg/96.0.1054.53"
::1 - - [12/Dec/2021:15:38:00 +0000] "OPTIONS /api/team/ HTTP/1.1" 200 4 "http://localhost:3000/" "Mozilla/5.0 (Windows NT 10.0; Win64; x64) AppleWebKit/537.36 (KHTML, like Gecko) Chrome/96.0.4664.93 Safari/537.36 Edg/96.0.1054.53"
::1 - - [12/Dec/2021:15:38:00 +0000] "POST /api/team/ HTTP/1.1" 400 42 "http://localhost:3000/" "Mozilla/5.0 (Windows NT 10.0; Win64; x64) AppleWebKit/537.36 (KHTML, like Gecko) Chrome/96.0.4664.93 Safari/537.36 Edg/96.0.1054.53"
::1 - - [12/Dec/2021:15:38:06 +0000] "OPTIONS /api/team/ HTTP/1.1" 200 4 "http://localhost:3000/" "Mozilla/5.0 (Windows NT 10.0; Win64; x64) AppleWebKit/537.36 (KHTML, like Gecko) Chrome/96.0.4664.93 Safari/537.36 Edg/96.0.1054.53"
::1 - - [12/Dec/2021:15:38:06 +0000] "POST /api/team/ HTTP/1.1" 400 42 "http://localhost:3000/" "Mozilla/5.0 (Windows NT 10.0; Win64; x64) AppleWebKit/537.36 (KHTML, like Gecko) Chrome/96.0.4664.93 Safari/537.36 Edg/96.0.1054.53"
::1 - - [12/Dec/2021:15:38:09 +0000] "GET /api/gameweek/team/1 HTTP/1.1" 304 - "http://localhost:3000/" "Mozilla/5.0 (Windows NT 10.0; Win64; x64) AppleWebKit/537.36 (KHTML, like Gecko) Chrome/96.0.4664.93 Safari/537.36 Edg/96.0.1054.53"
::1 - - [12/Dec/2021:15:38:10 +0000] "GET /api/gameweek/team/2 HTTP/1.1" 304 - "http://localhost:3000/" "Mozilla/5.0 (Windows NT 10.0; Win64; x64) AppleWebKit/537.36 (KHTML, like Gecko) Chrome/96.0.4664.93 Safari/537.36 Edg/96.0.1054.53"
::1 - - [12/Dec/2021:17:16:07 +0000] "OPTIONS /api/season/ HTTP/1.1" 200 4 "http://localhost:3000/" "Mozilla/5.0 (Windows NT 10.0; Win64; x64) AppleWebKit/537.36 (KHTML, like Gecko) Chrome/96.0.4664.93 Safari/537.36 Edg/96.0.1054.53"
::1 - - [12/Dec/2021:17:16:08 +0000] "POST /api/season/ HTTP/1.1" 200 197 "http://localhost:3000/" "Mozilla/5.0 (Windows NT 10.0; Win64; x64) AppleWebKit/537.36 (KHTML, like Gecko) Chrome/96.0.4664.93 Safari/537.36 Edg/96.0.1054.53"
::1 - - [12/Dec/2021:17:16:15 +0000] "OPTIONS /api/gameweek/ HTTP/1.1" 200 4 "http://localhost:3000/" "Mozilla/5.0 (Windows NT 10.0; Win64; x64) AppleWebKit/537.36 (KHTML, like Gecko) Chrome/96.0.4664.93 Safari/537.36 Edg/96.0.1054.53"
::1 - - [12/Dec/2021:17:16:15 +0000] "POST /api/gameweek/ HTTP/1.1" 200 200 "http://localhost:3000/" "Mozilla/5.0 (Windows NT 10.0; Win64; x64) AppleWebKit/537.36 (KHTML, like Gecko) Chrome/96.0.4664.93 Safari/537.36 Edg/96.0.1054.53"
::1 - - [12/Dec/2021:17:16:25 +0000] "OPTIONS /api/team/ HTTP/1.1" 200 4 "http://localhost:3000/" "Mozilla/5.0 (Windows NT 10.0; Win64; x64) AppleWebKit/537.36 (KHTML, like Gecko) Chrome/96.0.4664.93 Safari/537.36 Edg/96.0.1054.53"
::1 - - [12/Dec/2021:17:16:26 +0000] "POST /api/team/ HTTP/1.1" 200 195 "http://localhost:3000/" "Mozilla/5.0 (Windows NT 10.0; Win64; x64) AppleWebKit/537.36 (KHTML, like Gecko) Chrome/96.0.4664.93 Safari/537.36 Edg/96.0.1054.53"
::1 - - [12/Dec/2021:17:16:47 +0000] "OPTIONS /api/rateable_person/ HTTP/1.1" 200 13 "http://localhost:3000/" "Mozilla/5.0 (Windows NT 10.0; Win64; x64) AppleWebKit/537.36 (KHTML, like Gecko) Chrome/96.0.4664.93 Safari/537.36 Edg/96.0.1054.53"
::1 - - [12/Dec/2021:17:16:47 +0000] "POST /api/rateable_person/ HTTP/1.1" 200 208 "http://localhost:3000/" "Mozilla/5.0 (Windows NT 10.0; Win64; x64) AppleWebKit/537.36 (KHTML, like Gecko) Chrome/96.0.4664.93 Safari/537.36 Edg/96.0.1054.53"
::1 - - [12/Dec/2021:17:17:05 +0000] "OPTIONS /api/rateable_person/ HTTP/1.1" 200 13 "http://localhost:3000/" "Mozilla/5.0 (Windows NT 10.0; Win64; x64) AppleWebKit/537.36 (KHTML, like Gecko) Chrome/96.0.4664.93 Safari/537.36 Edg/96.0.1054.53"
::1 - - [12/Dec/2021:17:17:06 +0000] "POST /api/rateable_person/ HTTP/1.1" 200 208 "http://localhost:3000/" "Mozilla/5.0 (Windows NT 10.0; Win64; x64) AppleWebKit/537.36 (KHTML, like Gecko) Chrome/96.0.4664.93 Safari/537.36 Edg/96.0.1054.53"
::1 - - [12/Dec/2021:17:17:12 +0000] "GET /api/gameweek/team/1 HTTP/1.1" 200 267 "http://localhost:3000/" "Mozilla/5.0 (Windows NT 10.0; Win64; x64) AppleWebKit/537.36 (KHTML, like Gecko) Chrome/96.0.4664.93 Safari/537.36 Edg/96.0.1054.53"
::1 - - [12/Dec/2021:17:17:53 +0000] "GET /api/gameweek/team/1 HTTP/1.1" 200 268 "http://localhost:3000/" "Mozilla/5.0 (Windows NT 10.0; Win64; x64) AppleWebKit/537.36 (KHTML, like Gecko) Chrome/96.0.4664.93 Safari/537.36 Edg/96.0.1054.53"
::1 - - [12/Dec/2021:17:18:18 +0000] "GET /api/gameweek/team/2 HTTP/1.1" 404 55 "http://localhost:3000/" "Mozilla/5.0 (Windows NT 10.0; Win64; x64) AppleWebKit/537.36 (KHTML, like Gecko) Chrome/96.0.4664.93 Safari/537.36 Edg/96.0.1054.53"
::1 - - [12/Dec/2021:17:18:19 +0000] "GET /api/gameweek/team/2 HTTP/1.1" 404 55 "http://localhost:3000/" "Mozilla/5.0 (Windows NT 10.0; Win64; x64) AppleWebKit/537.36 (KHTML, like Gecko) Chrome/96.0.4664.93 Safari/537.36 Edg/96.0.1054.53"
::1 - - [12/Dec/2021:17:18:19 +0000] "GET /api/gameweek/team/2 HTTP/1.1" 404 55 "http://localhost:3000/" "Mozilla/5.0 (Windows NT 10.0; Win64; x64) AppleWebKit/537.36 (KHTML, like Gecko) Chrome/96.0.4664.93 Safari/537.36 Edg/96.0.1054.53"
::1 - - [12/Dec/2021:17:18:19 +0000] "GET /api/gameweek/team/3 HTTP/1.1" 404 55 "http://localhost:3000/" "Mozilla/5.0 (Windows NT 10.0; Win64; x64) AppleWebKit/537.36 (KHTML, like Gecko) Chrome/96.0.4664.93 Safari/537.36 Edg/96.0.1054.53"
::1 - - [12/Dec/2021:17:18:19 +0000] "GET /api/gameweek/team/2 HTTP/1.1" 404 55 "http://localhost:3000/" "Mozilla/5.0 (Windows NT 10.0; Win64; x64) AppleWebKit/537.36 (KHTML, like Gecko) Chrome/96.0.4664.93 Safari/537.36 Edg/96.0.1054.53"
::1 - - [12/Dec/2021:17:18:19 +0000] "GET /api/gameweek/team/3 HTTP/1.1" 404 55 "http://localhost:3000/" "Mozilla/5.0 (Windows NT 10.0; Win64; x64) AppleWebKit/537.36 (KHTML, like Gecko) Chrome/96.0.4664.93 Safari/537.36 Edg/96.0.1054.53"
::1 - - [12/Dec/2021:17:18:19 +0000] "GET /api/gameweek/team/3 HTTP/1.1" 404 55 "http://localhost:3000/" "Mozilla/5.0 (Windows NT 10.0; Win64; x64) AppleWebKit/537.36 (KHTML, like Gecko) Chrome/96.0.4664.93 Safari/537.36 Edg/96.0.1054.53"
::1 - - [12/Dec/2021:17:18:19 +0000] "GET /api/gameweek/team/3 HTTP/1.1" 404 55 "http://localhost:3000/" "Mozilla/5.0 (Windows NT 10.0; Win64; x64) AppleWebKit/537.36 (KHTML, like Gecko) Chrome/96.0.4664.93 Safari/537.36 Edg/96.0.1054.53"
::1 - - [12/Dec/2021:17:18:19 +0000] "GET /api/gameweek/team/3 HTTP/1.1" 404 55 "http://localhost:3000/" "Mozilla/5.0 (Windows NT 10.0; Win64; x64) AppleWebKit/537.36 (KHTML, like Gecko) Chrome/96.0.4664.93 Safari/537.36 Edg/96.0.1054.53"
::1 - - [12/Dec/2021:17:18:19 +0000] "GET /api/gameweek/team/4 HTTP/1.1" 404 55 "http://localhost:3000/" "Mozilla/5.0 (Windows NT 10.0; Win64; x64) AppleWebKit/537.36 (KHTML, like Gecko) Chrome/96.0.4664.93 Safari/537.36 Edg/96.0.1054.53"
::1 - - [12/Dec/2021:17:18:19 +0000] "GET /api/gameweek/team/5 HTTP/1.1" 404 55 "http://localhost:3000/" "Mozilla/5.0 (Windows NT 10.0; Win64; x64) AppleWebKit/537.36 (KHTML, like Gecko) Chrome/96.0.4664.93 Safari/537.36 Edg/96.0.1054.53"
::1 - - [12/Dec/2021:17:18:19 +0000] "GET /api/gameweek/team/3 HTTP/1.1" 404 55 "http://localhost:3000/" "Mozilla/5.0 (Windows NT 10.0; Win64; x64) AppleWebKit/537.36 (KHTML, like Gecko) Chrome/96.0.4664.93 Safari/537.36 Edg/96.0.1054.53"
::1 - - [12/Dec/2021:17:18:19 +0000] "GET /api/gameweek/team/6 HTTP/1.1" 404 55 "http://localhost:3000/" "Mozilla/5.0 (Windows NT 10.0; Win64; x64) AppleWebKit/537.36 (KHTML, like Gecko) Chrome/96.0.4664.93 Safari/537.36 Edg/96.0.1054.53"
::1 - - [12/Dec/2021:17:18:20 +0000] "GET /api/gameweek/team/5 HTTP/1.1" 404 55 "http://localhost:3000/" "Mozilla/5.0 (Windows NT 10.0; Win64; x64) AppleWebKit/537.36 (KHTML, like Gecko) Chrome/96.0.4664.93 Safari/537.36 Edg/96.0.1054.53"
::1 - - [12/Dec/2021:17:18:20 +0000] "GET /api/gameweek/team/7 HTTP/1.1" 404 55 "http://localhost:3000/" "Mozilla/5.0 (Windows NT 10.0; Win64; x64) AppleWebKit/537.36 (KHTML, like Gecko) Chrome/96.0.4664.93 Safari/537.36 Edg/96.0.1054.53"
::1 - - [12/Dec/2021:17:18:20 +0000] "GET /api/gameweek/team/3 HTTP/1.1" 404 55 "http://localhost:3000/" "Mozilla/5.0 (Windows NT 10.0; Win64; x64) AppleWebKit/537.36 (KHTML, like Gecko) Chrome/96.0.4664.93 Safari/537.36 Edg/96.0.1054.53"
::1 - - [12/Dec/2021:17:18:20 +0000] "GET /api/gameweek/team/8 HTTP/1.1" 404 55 "http://localhost:3000/" "Mozilla/5.0 (Windows NT 10.0; Win64; x64) AppleWebKit/537.36 (KHTML, like Gecko) Chrome/96.0.4664.93 Safari/537.36 Edg/96.0.1054.53"
::1 - - [12/Dec/2021:17:18:20 +0000] "GET /api/gameweek/team/9 HTTP/1.1" 404 55 "http://localhost:3000/" "Mozilla/5.0 (Windows NT 10.0; Win64; x64) AppleWebKit/537.36 (KHTML, like Gecko) Chrome/96.0.4664.93 Safari/537.36 Edg/96.0.1054.53"
::1 - - [12/Dec/2021:17:18:20 +0000] "GET /api/gameweek/team/11 HTTP/1.1" 404 55 "http://localhost:3000/" "Mozilla/5.0 (Windows NT 10.0; Win64; x64) AppleWebKit/537.36 (KHTML, like Gecko) Chrome/96.0.4664.93 Safari/537.36 Edg/96.0.1054.53"
::1 - - [12/Dec/2021:17:18:20 +0000] "GET /api/gameweek/team/13 HTTP/1.1" 404 55 "http://localhost:3000/" "Mozilla/5.0 (Windows NT 10.0; Win64; x64) AppleWebKit/537.36 (KHTML, like Gecko) Chrome/96.0.4664.93 Safari/537.36 Edg/96.0.1054.53"
::1 - - [12/Dec/2021:17:18:20 +0000] "GET /api/gameweek/team/7 HTTP/1.1" 404 55 "http://localhost:3000/" "Mozilla/5.0 (Windows NT 10.0; Win64; x64) AppleWebKit/537.36 (KHTML, like Gecko) Chrome/96.0.4664.93 Safari/537.36 Edg/96.0.1054.53"
::1 - - [12/Dec/2021:17:18:20 +0000] "GET /api/gameweek/team/14 HTTP/1.1" 404 55 "http://localhost:3000/" "Mozilla/5.0 (Windows NT 10.0; Win64; x64) AppleWebKit/537.36 (KHTML, like Gecko) Chrome/96.0.4664.93 Safari/537.36 Edg/96.0.1054.53"
::1 - - [12/Dec/2021:17:18:21 +0000] "GET /api/gameweek/team/3 HTTP/1.1" 404 55 "http://localhost:3000/" "Mozilla/5.0 (Windows NT 10.0; Win64; x64) AppleWebKit/537.36 (KHTML, like Gecko) Chrome/96.0.4664.93 Safari/537.36 Edg/96.0.1054.53"
::1 - - [12/Dec/2021:17:18:21 +0000] "GET /api/gameweek/team/16 HTTP/1.1" 404 55 "http://localhost:3000/" "Mozilla/5.0 (Windows NT 10.0; Win64; x64) AppleWebKit/537.36 (KHTML, like Gecko) Chrome/96.0.4664.93 Safari/537.36 Edg/96.0.1054.53"
::1 - - [12/Dec/2021:17:18:21 +0000] "GET /api/gameweek/team/17 HTTP/1.1" 404 55 "http://localhost:3000/" "Mozilla/5.0 (Windows NT 10.0; Win64; x64) AppleWebKit/537.36 (KHTML, like Gecko) Chrome/96.0.4664.93 Safari/537.36 Edg/96.0.1054.53"
::1 - - [12/Dec/2021:17:18:21 +0000] "GET /api/gameweek/team/15 HTTP/1.1" 404 55 "http://localhost:3000/" "Mozilla/5.0 (Windows NT 10.0; Win64; x64) AppleWebKit/537.36 (KHTML, like Gecko) Chrome/96.0.4664.93 Safari/537.36 Edg/96.0.1054.53"
::1 - - [12/Dec/2021:17:18:21 +0000] "GET /api/gameweek/team/13 HTTP/1.1" 404 55 "http://localhost:3000/" "Mozilla/5.0 (Windows NT 10.0; Win64; x64) AppleWebKit/537.36 (KHTML, like Gecko) Chrome/96.0.4664.93 Safari/537.36 Edg/96.0.1054.53"
::1 - - [12/Dec/2021:17:18:21 +0000] "GET /api/gameweek/team/19 HTTP/1.1" 404 55 "http://localhost:3000/" "Mozilla/5.0 (Windows NT 10.0; Win64; x64) AppleWebKit/537.36 (KHTML, like Gecko) Chrome/96.0.4664.93 Safari/537.36 Edg/96.0.1054.53"
::1 - - [12/Dec/2021:17:18:21 +0000] "GET /api/gameweek/team/14 HTTP/1.1" 404 55 "http://localhost:3000/" "Mozilla/5.0 (Windows NT 10.0; Win64; x64) AppleWebKit/537.36 (KHTML, like Gecko) Chrome/96.0.4664.93 Safari/537.36 Edg/96.0.1054.53"
::1 - - [12/Dec/2021:17:18:21 +0000] "GET /api/gameweek/team/18 HTTP/1.1" 404 55 "http://localhost:3000/" "Mozilla/5.0 (Windows NT 10.0; Win64; x64) AppleWebKit/537.36 (KHTML, like Gecko) Chrome/96.0.4664.93 Safari/537.36 Edg/96.0.1054.53"
::1 - - [12/Dec/2021:17:18:21 +0000] "GET /api/gameweek/team/12 HTTP/1.1" 404 55 "http://localhost:3000/" "Mozilla/5.0 (Windows NT 10.0; Win64; x64) AppleWebKit/537.36 (KHTML, like Gecko) Chrome/96.0.4664.93 Safari/537.36 Edg/96.0.1054.53"
::1 - - [12/Dec/2021:17:18:21 +0000] "GET /api/gameweek/team/8 HTTP/1.1" 404 55 "http://localhost:3000/" "Mozilla/5.0 (Windows NT 10.0; Win64; x64) AppleWebKit/537.36 (KHTML, like Gecko) Chrome/96.0.4664.93 Safari/537.36 Edg/96.0.1054.53"
::1 - - [12/Dec/2021:17:18:21 +0000] "GET /api/gameweek/team/5 HTTP/1.1" 404 55 "http://localhost:3000/" "Mozilla/5.0 (Windows NT 10.0; Win64; x64) AppleWebKit/537.36 (KHTML, like Gecko) Chrome/96.0.4664.93 Safari/537.36 Edg/96.0.1054.53"
::1 - - [12/Dec/2021:17:18:21 +0000] "GET /api/gameweek/team/4 HTTP/1.1" 404 55 "http://localhost:3000/" "Mozilla/5.0 (Windows NT 10.0; Win64; x64) AppleWebKit/537.36 (KHTML, like Gecko) Chrome/96.0.4664.93 Safari/537.36 Edg/96.0.1054.53"
::1 - - [12/Dec/2021:17:18:21 +0000] "GET /api/gameweek/team/2 HTTP/1.1" 404 55 "http://localhost:3000/" "Mozilla/5.0 (Windows NT 10.0; Win64; x64) AppleWebKit/537.36 (KHTML, like Gecko) Chrome/96.0.4664.93 Safari/537.36 Edg/96.0.1054.53"
::1 - - [12/Dec/2021:17:18:21 +0000] "GET /api/gameweek/team/3 HTTP/1.1" 404 55 "http://localhost:3000/" "Mozilla/5.0 (Windows NT 10.0; Win64; x64) AppleWebKit/537.36 (KHTML, like Gecko) Chrome/96.0.4664.93 Safari/537.36 Edg/96.0.1054.53"
::1 - - [12/Dec/2021:17:18:21 +0000] "GET /api/gameweek/team/15 HTTP/1.1" 404 55 "http://localhost:3000/" "Mozilla/5.0 (Windows NT 10.0; Win64; x64) AppleWebKit/537.36 (KHTML, like Gecko) Chrome/96.0.4664.93 Safari/537.36 Edg/96.0.1054.53"
::1 - - [12/Dec/2021:17:18:21 +0000] "GET /api/gameweek/team/19 HTTP/1.1" 404 55 "http://localhost:3000/" "Mozilla/5.0 (Windows NT 10.0; Win64; x64) AppleWebKit/537.36 (KHTML, like Gecko) Chrome/96.0.4664.93 Safari/537.36 Edg/96.0.1054.53"
::1 - - [12/Dec/2021:17:18:21 +0000] "GET /api/gameweek/team/14 HTTP/1.1" 404 55 "http://localhost:3000/" "Mozilla/5.0 (Windows NT 10.0; Win64; x64) AppleWebKit/537.36 (KHTML, like Gecko) Chrome/96.0.4664.93 Safari/537.36 Edg/96.0.1054.53"
::1 - - [12/Dec/2021:17:18:21 +0000] "GET /api/gameweek/team/4 HTTP/1.1" 404 55 "http://localhost:3000/" "Mozilla/5.0 (Windows NT 10.0; Win64; x64) AppleWebKit/537.36 (KHTML, like Gecko) Chrome/96.0.4664.93 Safari/537.36 Edg/96.0.1054.53"
::1 - - [12/Dec/2021:17:18:21 +0000] "GET /api/gameweek/team/2 HTTP/1.1" 404 55 "http://localhost:3000/" "Mozilla/5.0 (Windows NT 10.0; Win64; x64) AppleWebKit/537.36 (KHTML, like Gecko) Chrome/96.0.4664.93 Safari/537.36 Edg/96.0.1054.53"
::1 - - [12/Dec/2021:17:18:21 +0000] "GET /api/gameweek/team/3 HTTP/1.1" 404 55 "http://localhost:3000/" "Mozilla/5.0 (Windows NT 10.0; Win64; x64) AppleWebKit/537.36 (KHTML, like Gecko) Chrome/96.0.4664.93 Safari/537.36 Edg/96.0.1054.53"
::1 - - [12/Dec/2021:17:18:21 +0000] "GET /api/gameweek/team/19 HTTP/1.1" 404 55 "http://localhost:3000/" "Mozilla/5.0 (Windows NT 10.0; Win64; x64) AppleWebKit/537.36 (KHTML, like Gecko) Chrome/96.0.4664.93 Safari/537.36 Edg/96.0.1054.53"
::1 - - [12/Dec/2021:17:18:21 +0000] "GET /api/gameweek/team/1 HTTP/1.1" 304 - "http://localhost:3000/" "Mozilla/5.0 (Windows NT 10.0; Win64; x64) AppleWebKit/537.36 (KHTML, like Gecko) Chrome/96.0.4664.93 Safari/537.36 Edg/96.0.1054.53"
::1 - - [12/Dec/2021:17:18:21 +0000] "GET /api/gameweek/team/14 HTTP/1.1" 404 55 "http://localhost:3000/" "Mozilla/5.0 (Windows NT 10.0; Win64; x64) AppleWebKit/537.36 (KHTML, like Gecko) Chrome/96.0.4664.93 Safari/537.36 Edg/96.0.1054.53"
::1 - - [12/Dec/2021:17:18:21 +0000] "GET /api/gameweek/team/19 HTTP/1.1" 404 55 "http://localhost:3000/" "Mozilla/5.0 (Windows NT 10.0; Win64; x64) AppleWebKit/537.36 (KHTML, like Gecko) Chrome/96.0.4664.93 Safari/537.36 Edg/96.0.1054.53"
::1 - - [12/Dec/2021:17:18:21 +0000] "GET /api/gameweek/team/14 HTTP/1.1" 404 55 "http://localhost:3000/" "Mozilla/5.0 (Windows NT 10.0; Win64; x64) AppleWebKit/537.36 (KHTML, like Gecko) Chrome/96.0.4664.93 Safari/537.36 Edg/96.0.1054.53"
::1 - - [12/Dec/2021:17:18:21 +0000] "GET /api/gameweek/team/19 HTTP/1.1" 404 55 "http://localhost:3000/" "Mozilla/5.0 (Windows NT 10.0; Win64; x64) AppleWebKit/537.36 (KHTML, like Gecko) Chrome/96.0.4664.93 Safari/537.36 Edg/96.0.1054.53"
::1 - - [12/Dec/2021:17:18:21 +0000] "GET /api/gameweek/team/1 HTTP/1.1" 304 - "http://localhost:3000/" "Mozilla/5.0 (Windows NT 10.0; Win64; x64) AppleWebKit/537.36 (KHTML, like Gecko) Chrome/96.0.4664.93 Safari/537.36 Edg/96.0.1054.53"
::1 - - [12/Dec/2021:17:18:21 +0000] "GET /api/gameweek/team/14 HTTP/1.1" 404 55 "http://localhost:3000/" "Mozilla/5.0 (Windows NT 10.0; Win64; x64) AppleWebKit/537.36 (KHTML, like Gecko) Chrome/96.0.4664.93 Safari/537.36 Edg/96.0.1054.53"
::1 - - [12/Dec/2021:17:18:22 +0000] "GET /api/gameweek/team/19 HTTP/1.1" 404 55 "http://localhost:3000/" "Mozilla/5.0 (Windows NT 10.0; Win64; x64) AppleWebKit/537.36 (KHTML, like Gecko) Chrome/96.0.4664.93 Safari/537.36 Edg/96.0.1054.53"
::1 - - [12/Dec/2021:17:18:22 +0000] "GET /api/gameweek/team/14 HTTP/1.1" 404 55 "http://localhost:3000/" "Mozilla/5.0 (Windows NT 10.0; Win64; x64) AppleWebKit/537.36 (KHTML, like Gecko) Chrome/96.0.4664.93 Safari/537.36 Edg/96.0.1054.53"
::1 - - [12/Dec/2021:17:18:22 +0000] "GET /api/gameweek/team/19 HTTP/1.1" 404 55 "http://localhost:3000/" "Mozilla/5.0 (Windows NT 10.0; Win64; x64) AppleWebKit/537.36 (KHTML, like Gecko) Chrome/96.0.4664.93 Safari/537.36 Edg/96.0.1054.53"
::1 - - [12/Dec/2021:17:18:22 +0000] "GET /api/gameweek/team/1 HTTP/1.1" 304 - "http://localhost:3000/" "Mozilla/5.0 (Windows NT 10.0; Win64; x64) AppleWebKit/537.36 (KHTML, like Gecko) Chrome/96.0.4664.93 Safari/537.36 Edg/96.0.1054.53"
::1 - - [12/Dec/2021:17:18:22 +0000] "GET /api/gameweek/team/14 HTTP/1.1" 404 55 "http://localhost:3000/" "Mozilla/5.0 (Windows NT 10.0; Win64; x64) AppleWebKit/537.36 (KHTML, like Gecko) Chrome/96.0.4664.93 Safari/537.36 Edg/96.0.1054.53"
::1 - - [12/Dec/2021:17:18:22 +0000] "GET /api/gameweek/team/19 HTTP/1.1" 404 55 "http://localhost:3000/" "Mozilla/5.0 (Windows NT 10.0; Win64; x64) AppleWebKit/537.36 (KHTML, like Gecko) Chrome/96.0.4664.93 Safari/537.36 Edg/96.0.1054.53"
::1 - - [12/Dec/2021:17:18:22 +0000] "GET /api/gameweek/team/14 HTTP/1.1" 404 55 "http://localhost:3000/" "Mozilla/5.0 (Windows NT 10.0; Win64; x64) AppleWebKit/537.36 (KHTML, like Gecko) Chrome/96.0.4664.93 Safari/537.36 Edg/96.0.1054.53"
::1 - - [12/Dec/2021:17:18:22 +0000] "GET /api/gameweek/team/19 HTTP/1.1" 404 55 "http://localhost:3000/" "Mozilla/5.0 (Windows NT 10.0; Win64; x64) AppleWebKit/537.36 (KHTML, like Gecko) Chrome/96.0.4664.93 Safari/537.36 Edg/96.0.1054.53"
::1 - - [12/Dec/2021:17:18:22 +0000] "GET /api/gameweek/team/1 HTTP/1.1" 304 - "http://localhost:3000/" "Mozilla/5.0 (Windows NT 10.0; Win64; x64) AppleWebKit/537.36 (KHTML, like Gecko) Chrome/96.0.4664.93 Safari/537.36 Edg/96.0.1054.53"
::1 - - [12/Dec/2021:17:18:22 +0000] "GET /api/gameweek/team/14 HTTP/1.1" 404 55 "http://localhost:3000/" "Mozilla/5.0 (Windows NT 10.0; Win64; x64) AppleWebKit/537.36 (KHTML, like Gecko) Chrome/96.0.4664.93 Safari/537.36 Edg/96.0.1054.53"
::1 - - [12/Dec/2021:17:18:22 +0000] "GET /api/gameweek/team/19 HTTP/1.1" 404 55 "http://localhost:3000/" "Mozilla/5.0 (Windows NT 10.0; Win64; x64) AppleWebKit/537.36 (KHTML, like Gecko) Chrome/96.0.4664.93 Safari/537.36 Edg/96.0.1054.53"
::1 - - [12/Dec/2021:17:18:22 +0000] "GET /api/gameweek/team/14 HTTP/1.1" 404 55 "http://localhost:3000/" "Mozilla/5.0 (Windows NT 10.0; Win64; x64) AppleWebKit/537.36 (KHTML, like Gecko) Chrome/96.0.4664.93 Safari/537.36 Edg/96.0.1054.53"
::1 - - [12/Dec/2021:17:18:22 +0000] "GET /api/gameweek/team/19 HTTP/1.1" 404 55 "http://localhost:3000/" "Mozilla/5.0 (Windows NT 10.0; Win64; x64) AppleWebKit/537.36 (KHTML, like Gecko) Chrome/96.0.4664.93 Safari/537.36 Edg/96.0.1054.53"
::1 - - [12/Dec/2021:17:18:22 +0000] "GET /api/gameweek/team/1 HTTP/1.1" 304 - "http://localhost:3000/" "Mozilla/5.0 (Windows NT 10.0; Win64; x64) AppleWebKit/537.36 (KHTML, like Gecko) Chrome/96.0.4664.93 Safari/537.36 Edg/96.0.1054.53"
::1 - - [12/Dec/2021:17:18:22 +0000] "GET /api/gameweek/team/14 HTTP/1.1" 404 55 "http://localhost:3000/" "Mozilla/5.0 (Windows NT 10.0; Win64; x64) AppleWebKit/537.36 (KHTML, like Gecko) Chrome/96.0.4664.93 Safari/537.36 Edg/96.0.1054.53"
::1 - - [12/Dec/2021:17:18:22 +0000] "GET /api/gameweek/team/19 HTTP/1.1" 404 55 "http://localhost:3000/" "Mozilla/5.0 (Windows NT 10.0; Win64; x64) AppleWebKit/537.36 (KHTML, like Gecko) Chrome/96.0.4664.93 Safari/537.36 Edg/96.0.1054.53"
::1 - - [12/Dec/2021:17:18:22 +0000] "GET /api/gameweek/team/14 HTTP/1.1" 404 55 "http://localhost:3000/" "Mozilla/5.0 (Windows NT 10.0; Win64; x64) AppleWebKit/537.36 (KHTML, like Gecko) Chrome/96.0.4664.93 Safari/537.36 Edg/96.0.1054.53"
::1 - - [12/Dec/2021:17:18:22 +0000] "GET /api/gameweek/team/19 HTTP/1.1" 404 55 "http://localhost:3000/" "Mozilla/5.0 (Windows NT 10.0; Win64; x64) AppleWebKit/537.36 (KHTML, like Gecko) Chrome/96.0.4664.93 Safari/537.36 Edg/96.0.1054.53"
::1 - - [12/Dec/2021:17:18:22 +0000] "GET /api/gameweek/team/1 HTTP/1.1" 304 - "http://localhost:3000/" "Mozilla/5.0 (Windows NT 10.0; Win64; x64) AppleWebKit/537.36 (KHTML, like Gecko) Chrome/96.0.4664.93 Safari/537.36 Edg/96.0.1054.53"
::1 - - [12/Dec/2021:17:18:22 +0000] "GET /api/gameweek/team/14 HTTP/1.1" 404 55 "http://localhost:3000/" "Mozilla/5.0 (Windows NT 10.0; Win64; x64) AppleWebKit/537.36 (KHTML, like Gecko) Chrome/96.0.4664.93 Safari/537.36 Edg/96.0.1054.53"
::1 - - [12/Dec/2021:17:18:22 +0000] "GET /api/gameweek/team/14 HTTP/1.1" 404 55 "http://localhost:3000/" "Mozilla/5.0 (Windows NT 10.0; Win64; x64) AppleWebKit/537.36 (KHTML, like Gecko) Chrome/96.0.4664.93 Safari/537.36 Edg/96.0.1054.53"
::1 - - [12/Dec/2021:17:18:23 +0000] "GET /api/gameweek/team/1 HTTP/1.1" 304 - "http://localhost:3000/" "Mozilla/5.0 (Windows NT 10.0; Win64; x64) AppleWebKit/537.36 (KHTML, like Gecko) Chrome/96.0.4664.93 Safari/537.36 Edg/96.0.1054.53"
::1 - - [12/Dec/2021:17:18:23 +0000] "GET /api/gameweek/team/14 HTTP/1.1" 404 55 "http://localhost:3000/" "Mozilla/5.0 (Windows NT 10.0; Win64; x64) AppleWebKit/537.36 (KHTML, like Gecko) Chrome/96.0.4664.93 Safari/537.36 Edg/96.0.1054.53"
::1 - - [12/Dec/2021:17:18:23 +0000] "GET /api/gameweek/team/1 HTTP/1.1" 304 - "http://localhost:3000/" "Mozilla/5.0 (Windows NT 10.0; Win64; x64) AppleWebKit/537.36 (KHTML, like Gecko) Chrome/96.0.4664.93 Safari/537.36 Edg/96.0.1054.53"
::1 - - [12/Dec/2021:17:18:23 +0000] "GET /api/gameweek/team/1 HTTP/1.1" 304 - "http://localhost:3000/" "Mozilla/5.0 (Windows NT 10.0; Win64; x64) AppleWebKit/537.36 (KHTML, like Gecko) Chrome/96.0.4664.93 Safari/537.36 Edg/96.0.1054.53"
::1 - - [12/Dec/2021:17:18:23 +0000] "GET /api/gameweek/team/1 HTTP/1.1" 304 - "http://localhost:3000/" "Mozilla/5.0 (Windows NT 10.0; Win64; x64) AppleWebKit/537.36 (KHTML, like Gecko) Chrome/96.0.4664.93 Safari/537.36 Edg/96.0.1054.53"
::1 - - [12/Dec/2021:17:18:23 +0000] "GET /api/gameweek/team/1 HTTP/1.1" 304 - "http://localhost:3000/" "Mozilla/5.0 (Windows NT 10.0; Win64; x64) AppleWebKit/537.36 (KHTML, like Gecko) Chrome/96.0.4664.93 Safari/537.36 Edg/96.0.1054.53"
::1 - - [12/Dec/2021:17:18:24 +0000] "GET /api/gameweek/team/1 HTTP/1.1" 304 - "http://localhost:3000/" "Mozilla/5.0 (Windows NT 10.0; Win64; x64) AppleWebKit/537.36 (KHTML, like Gecko) Chrome/96.0.4664.93 Safari/537.36 Edg/96.0.1054.53"
::1 - - [12/Dec/2021:17:18:24 +0000] "GET /api/gameweek/team/1 HTTP/1.1" 304 - "http://localhost:3000/" "Mozilla/5.0 (Windows NT 10.0; Win64; x64) AppleWebKit/537.36 (KHTML, like Gecko) Chrome/96.0.4664.93 Safari/537.36 Edg/96.0.1054.53"
::1 - - [12/Dec/2021:17:18:24 +0000] "GET /api/gameweek/team/1 HTTP/1.1" 304 - "http://localhost:3000/" "Mozilla/5.0 (Windows NT 10.0; Win64; x64) AppleWebKit/537.36 (KHTML, like Gecko) Chrome/96.0.4664.93 Safari/537.36 Edg/96.0.1054.53"
::1 - - [12/Dec/2021:17:18:24 +0000] "GET /api/gameweek/team/1 HTTP/1.1" 304 - "http://localhost:3000/" "Mozilla/5.0 (Windows NT 10.0; Win64; x64) AppleWebKit/537.36 (KHTML, like Gecko) Chrome/96.0.4664.93 Safari/537.36 Edg/96.0.1054.53"
::1 - - [12/Dec/2021:17:18:25 +0000] "GET /api/gameweek/team/1 HTTP/1.1" 304 - "http://localhost:3000/" "Mozilla/5.0 (Windows NT 10.0; Win64; x64) AppleWebKit/537.36 (KHTML, like Gecko) Chrome/96.0.4664.93 Safari/537.36 Edg/96.0.1054.53"
::1 - - [12/Dec/2021:17:18:25 +0000] "GET /api/gameweek/team/1 HTTP/1.1" 304 - "http://localhost:3000/" "Mozilla/5.0 (Windows NT 10.0; Win64; x64) AppleWebKit/537.36 (KHTML, like Gecko) Chrome/96.0.4664.93 Safari/537.36 Edg/96.0.1054.53"
::1 - - [12/Dec/2021:17:18:25 +0000] "GET /api/gameweek/team/1 HTTP/1.1" 304 - "http://localhost:3000/" "Mozilla/5.0 (Windows NT 10.0; Win64; x64) AppleWebKit/537.36 (KHTML, like Gecko) Chrome/96.0.4664.93 Safari/537.36 Edg/96.0.1054.53"
::1 - - [12/Dec/2021:17:18:25 +0000] "GET /api/gameweek/team/1 HTTP/1.1" 304 - "http://localhost:3000/" "Mozilla/5.0 (Windows NT 10.0; Win64; x64) AppleWebKit/537.36 (KHTML, like Gecko) Chrome/96.0.4664.93 Safari/537.36 Edg/96.0.1054.53"
::1 - - [12/Dec/2021:17:18:27 +0000] "GET /api/team/rateable_persons/Everton/1/1 HTTP/1.1" 200 439 "http://localhost:3000/" "Mozilla/5.0 (Windows NT 10.0; Win64; x64) AppleWebKit/537.36 (KHTML, like Gecko) Chrome/96.0.4664.93 Safari/537.36 Edg/96.0.1054.53"
::1 - - [12/Dec/2021:17:18:29 +0000] "OPTIONS /api/rateable_person/rating HTTP/1.1" 200 4 "http://localhost:3000/" "Mozilla/5.0 (Windows NT 10.0; Win64; x64) AppleWebKit/537.36 (KHTML, like Gecko) Chrome/96.0.4664.93 Safari/537.36 Edg/96.0.1054.53"
::1 - - [12/Dec/2021:17:18:30 +0000] "POST /api/rateable_person/rating HTTP/1.1" 200 217 "http://localhost:3000/" "Mozilla/5.0 (Windows NT 10.0; Win64; x64) AppleWebKit/537.36 (KHTML, like Gecko) Chrome/96.0.4664.93 Safari/537.36 Edg/96.0.1054.53"
::1 - - [12/Dec/2021:17:18:31 +0000] "POST /api/rateable_person/rating HTTP/1.1" 200 220 "http://localhost:3000/" "Mozilla/5.0 (Windows NT 10.0; Win64; x64) AppleWebKit/537.36 (KHTML, like Gecko) Chrome/96.0.4664.93 Safari/537.36 Edg/96.0.1054.53"
::1 - - [12/Dec/2021:17:18:32 +0000] "POST /api/rateable_person/rating HTTP/1.1" 200 225 "http://localhost:3000/" "Mozilla/5.0 (Windows NT 10.0; Win64; x64) AppleWebKit/537.36 (KHTML, like Gecko) Chrome/96.0.4664.93 Safari/537.36 Edg/96.0.1054.53"
::1 - - [12/Dec/2021:17:18:35 +0000] "OPTIONS /api/rateable_person/rating HTTP/1.1" 200 4 "http://localhost:3000/" "Mozilla/5.0 (Windows NT 10.0; Win64; x64) AppleWebKit/537.36 (KHTML, like Gecko) Chrome/96.0.4664.93 Safari/537.36 Edg/96.0.1054.53"
::1 - - [12/Dec/2021:17:18:36 +0000] "POST /api/rateable_person/rating HTTP/1.1" 200 221 "http://localhost:3000/" "Mozilla/5.0 (Windows NT 10.0; Win64; x64) AppleWebKit/537.36 (KHTML, like Gecko) Chrome/96.0.4664.93 Safari/537.36 Edg/96.0.1054.53"
::1 - - [12/Dec/2021:17:18:36 +0000] "POST /api/rateable_person/rating HTTP/1.1" 200 225 "http://localhost:3000/" "Mozilla/5.0 (Windows NT 10.0; Win64; x64) AppleWebKit/537.36 (KHTML, like Gecko) Chrome/96.0.4664.93 Safari/537.36 Edg/96.0.1054.53"
::1 - - [12/Dec/2021:17:18:38 +0000] "POST /api/rateable_person/rating HTTP/1.1" 200 225 "http://localhost:3000/" "Mozilla/5.0 (Windows NT 10.0; Win64; x64) AppleWebKit/537.36 (KHTML, like Gecko) Chrome/96.0.4664.93 Safari/537.36 Edg/96.0.1054.53"
::1 - - [12/Dec/2021:22:05:45 +0000] "POST /api/admin/admin HTTP/1.1" 500 12 "-" "PostmanRuntime/7.26.10"
::1 - - [12/Dec/2021:22:19:11 +0000] "POST /api/admin/admin HTTP/1.1" 500 12 "-" "PostmanRuntime/7.26.10"
::1 - - [12/Dec/2021:22:21:17 +0000] "POST /api/admin/admin HTTP/1.1" 500 12 "-" "PostmanRuntime/7.26.10"
::1 - - [12/Dec/2021:22:22:36 +0000] "POST /api/admin/admin HTTP/1.1" 500 12 "-" "PostmanRuntime/7.26.10"
::1 - - [12/Dec/2021:22:22:55 +0000] "POST /api/admin/admin HTTP/1.1" 500 12 "-" "PostmanRuntime/7.26.10"
::1 - - [12/Dec/2021:22:23:10 +0000] "POST /api/admin/admin HTTP/1.1" 500 12 "-" "PostmanRuntime/7.26.10"
::1 - - [12/Dec/2021:22:24:25 +0000] "POST /api/admin/admin HTTP/1.1" 500 12 "-" "PostmanRuntime/7.26.10"
::1 - - [12/Dec/2021:22:24:51 +0000] "POST /api/admin/admin HTTP/1.1" 200 207 "-" "PostmanRuntime/7.26.10"
::1 - - [12/Dec/2021:22:29:06 +0000] "POST /api/admin/admin HTTP/1.1" 500 12 "-" "PostmanRuntime/7.26.10"
::1 - - [12/Dec/2021:22:29:31 +0000] "POST /api/admin/admin HTTP/1.1" 400 43 "-" "PostmanRuntime/7.26.10"
::1 - - [12/Dec/2021:22:29:42 +0000] "POST /api/admin/admin HTTP/1.1" 200 208 "-" "PostmanRuntime/7.26.10"
::1 - - [12/Dec/2021:22:30:56 +0000] "POST /api/admin/admin HTTP/1.1" 200 209 "-" "PostmanRuntime/7.26.10"
::1 - - [12/Dec/2021:22:31:33 +0000] "POST /api/admin/admin HTTP/1.1" 500 12 "-" "PostmanRuntime/7.26.10"
::1 - - [12/Dec/2021:22:31:58 +0000] "POST /api/admin/admin HTTP/1.1" 500 12 "-" "PostmanRuntime/7.26.10"
::1 - - [12/Dec/2021:22:32:26 +0000] "POST /api/admin/admin HTTP/1.1" 200 291 "-" "PostmanRuntime/7.26.10"
::1 - - [12/Dec/2021:22:40:03 +0000] "POST /api/admin/login HTTP/1.1" 400 16 "-" "PostmanRuntime/7.26.10"
::1 - - [12/Dec/2021:22:40:35 +0000] "POST /api/admin/login HTTP/1.1" 400 16 "-" "PostmanRuntime/7.26.10"
::1 - - [12/Dec/2021:22:40:36 +0000] "POST /api/admin/login HTTP/1.1" 400 16 "-" "PostmanRuntime/7.26.10"
::1 - - [12/Dec/2021:22:40:50 +0000] "POST /api/admin/login HTTP/1.1" 400 16 "-" "PostmanRuntime/7.26.10"
::1 - - [12/Dec/2021:22:40:51 +0000] "POST /api/admin/login HTTP/1.1" 400 16 "-" "PostmanRuntime/7.26.10"
::1 - - [12/Dec/2021:22:41:29 +0000] "POST /api/admin/login HTTP/1.1" 500 - "-" "PostmanRuntime/7.26.10"
::1 - - [12/Dec/2021:22:42:31 +0000] "POST /api/admin/login HTTP/1.1" 500 - "-" "PostmanRuntime/7.26.10"
::1 - - [12/Dec/2021:22:44:04 +0000] "POST /api/admin/login HTTP/1.1" 500 - "-" "PostmanRuntime/7.26.10"
::1 - - [12/Dec/2021:22:44:22 +0000] "POST /api/admin/login HTTP/1.1" 200 7 "-" "PostmanRuntime/7.26.10"
::1 - - [12/Dec/2021:22:44:26 +0000] "POST /api/admin/login HTTP/1.1" 400 16 "-" "PostmanRuntime/7.26.10"
::1 - - [12/Dec/2021:22:44:29 +0000] "POST /api/admin/login HTTP/1.1" 200 11 "-" "PostmanRuntime/7.26.10"
::1 - - [12/Dec/2021:22:46:00 +0000] "GET /api/gameweek/team/1 HTTP/1.1" 200 268 "http://localhost:3000/" "Mozilla/5.0 (Windows NT 10.0; Win64; x64) AppleWebKit/537.36 (KHTML, like Gecko) Chrome/96.0.4664.93 Safari/537.36 Edg/96.0.1054.53"
::1 - - [12/Dec/2021:22:46:49 +0000] "OPTIONS /api/admin/login HTTP/1.1" 200 4 "http://localhost:3000/" "Mozilla/5.0 (Windows NT 10.0; Win64; x64) AppleWebKit/537.36 (KHTML, like Gecko) Chrome/96.0.4664.93 Safari/537.36 Edg/96.0.1054.53"
::1 - - [12/Dec/2021:22:46:49 +0000] "POST /api/admin/login HTTP/1.1" 200 7 "http://localhost:3000/" "Mozilla/5.0 (Windows NT 10.0; Win64; x64) AppleWebKit/537.36 (KHTML, like Gecko) Chrome/96.0.4664.93 Safari/537.36 Edg/96.0.1054.53"
::1 - - [12/Dec/2021:22:46:57 +0000] "OPTIONS /api/admin/login HTTP/1.1" 200 4 "http://localhost:3000/" "Mozilla/5.0 (Windows NT 10.0; Win64; x64) AppleWebKit/537.36 (KHTML, like Gecko) Chrome/96.0.4664.93 Safari/537.36 Edg/96.0.1054.53"
::1 - - [12/Dec/2021:22:46:57 +0000] "POST /api/admin/login HTTP/1.1" 400 16 "http://localhost:3000/" "Mozilla/5.0 (Windows NT 10.0; Win64; x64) AppleWebKit/537.36 (KHTML, like Gecko) Chrome/96.0.4664.93 Safari/537.36 Edg/96.0.1054.53"
::1 - - [12/Dec/2021:22:47:59 +0000] "OPTIONS /api/admin/login HTTP/1.1" 200 4 "http://localhost:3000/" "Mozilla/5.0 (Windows NT 10.0; Win64; x64) AppleWebKit/537.36 (KHTML, like Gecko) Chrome/96.0.4664.93 Safari/537.36 Edg/96.0.1054.53"
::1 - - [12/Dec/2021:22:48:00 +0000] "POST /api/admin/login HTTP/1.1" 200 11 "http://localhost:3000/" "Mozilla/5.0 (Windows NT 10.0; Win64; x64) AppleWebKit/537.36 (KHTML, like Gecko) Chrome/96.0.4664.93 Safari/537.36 Edg/96.0.1054.53"
::1 - - [12/Dec/2021:22:48:05 +0000] "OPTIONS /api/admin/login HTTP/1.1" 200 4 "http://localhost:3000/" "Mozilla/5.0 (Windows NT 10.0; Win64; x64) AppleWebKit/537.36 (KHTML, like Gecko) Chrome/96.0.4664.93 Safari/537.36 Edg/96.0.1054.53"
::1 - - [12/Dec/2021:22:48:05 +0000] "POST /api/admin/login HTTP/1.1" 200 11 "http://localhost:3000/" "Mozilla/5.0 (Windows NT 10.0; Win64; x64) AppleWebKit/537.36 (KHTML, like Gecko) Chrome/96.0.4664.93 Safari/537.36 Edg/96.0.1054.53"
::1 - - [12/Dec/2021:22:49:36 +0000] "OPTIONS /api/admin/login HTTP/1.1" 200 4 "http://localhost:3000/" "Mozilla/5.0 (Windows NT 10.0; Win64; x64) AppleWebKit/537.36 (KHTML, like Gecko) Chrome/96.0.4664.93 Safari/537.36 Edg/96.0.1054.53"
::1 - - [12/Dec/2021:22:49:36 +0000] "POST /api/admin/login HTTP/1.1" 200 11 "http://localhost:3000/" "Mozilla/5.0 (Windows NT 10.0; Win64; x64) AppleWebKit/537.36 (KHTML, like Gecko) Chrome/96.0.4664.93 Safari/537.36 Edg/96.0.1054.53"
::1 - - [12/Dec/2021:22:49:57 +0000] "OPTIONS /api/admin/login HTTP/1.1" 200 4 "http://localhost:3000/" "Mozilla/5.0 (Windows NT 10.0; Win64; x64) AppleWebKit/537.36 (KHTML, like Gecko) Chrome/96.0.4664.93 Safari/537.36 Edg/96.0.1054.53"
::1 - - [12/Dec/2021:22:49:58 +0000] "POST /api/admin/login HTTP/1.1" 400 16 "http://localhost:3000/" "Mozilla/5.0 (Windows NT 10.0; Win64; x64) AppleWebKit/537.36 (KHTML, like Gecko) Chrome/96.0.4664.93 Safari/537.36 Edg/96.0.1054.53"
::1 - - [12/Dec/2021:22:49:59 +0000] "POST /api/admin/login HTTP/1.1" 400 16 "http://localhost:3000/" "Mozilla/5.0 (Windows NT 10.0; Win64; x64) AppleWebKit/537.36 (KHTML, like Gecko) Chrome/96.0.4664.93 Safari/537.36 Edg/96.0.1054.53"
::1 - - [12/Dec/2021:22:50:04 +0000] "OPTIONS /api/admin/login HTTP/1.1" 200 4 "http://localhost:3000/" "Mozilla/5.0 (Windows NT 10.0; Win64; x64) AppleWebKit/537.36 (KHTML, like Gecko) Chrome/96.0.4664.93 Safari/537.36 Edg/96.0.1054.53"
::1 - - [12/Dec/2021:22:50:04 +0000] "POST /api/admin/login HTTP/1.1" 200 11 "http://localhost:3000/" "Mozilla/5.0 (Windows NT 10.0; Win64; x64) AppleWebKit/537.36 (KHTML, like Gecko) Chrome/96.0.4664.93 Safari/537.36 Edg/96.0.1054.53"
::1 - - [12/Dec/2021:22:50:09 +0000] "POST /api/admin/login HTTP/1.1" 400 16 "http://localhost:3000/" "Mozilla/5.0 (Windows NT 10.0; Win64; x64) AppleWebKit/537.36 (KHTML, like Gecko) Chrome/96.0.4664.93 Safari/537.36 Edg/96.0.1054.53"
::1 - - [12/Dec/2021:22:51:02 +0000] "OPTIONS /api/admin/login HTTP/1.1" 200 4 "http://localhost:3000/" "Mozilla/5.0 (Windows NT 10.0; Win64; x64) AppleWebKit/537.36 (KHTML, like Gecko) Chrome/96.0.4664.93 Safari/537.36 Edg/96.0.1054.53"
::1 - - [12/Dec/2021:22:51:02 +0000] "POST /api/admin/login HTTP/1.1" 400 16 "http://localhost:3000/" "Mozilla/5.0 (Windows NT 10.0; Win64; x64) AppleWebKit/537.36 (KHTML, like Gecko) Chrome/96.0.4664.93 Safari/537.36 Edg/96.0.1054.53"
::1 - - [12/Dec/2021:22:51:10 +0000] "OPTIONS /api/admin/login HTTP/1.1" 200 4 "http://localhost:3000/" "Mozilla/5.0 (Windows NT 10.0; Win64; x64) AppleWebKit/537.36 (KHTML, like Gecko) Chrome/96.0.4664.93 Safari/537.36 Edg/96.0.1054.53"
::1 - - [12/Dec/2021:22:51:11 +0000] "POST /api/admin/login HTTP/1.1" 500 - "http://localhost:3000/" "Mozilla/5.0 (Windows NT 10.0; Win64; x64) AppleWebKit/537.36 (KHTML, like Gecko) Chrome/96.0.4664.93 Safari/537.36 Edg/96.0.1054.53"
::1 - - [12/Dec/2021:22:51:13 +0000] "POST /api/admin/login HTTP/1.1" 500 - "http://localhost:3000/" "Mozilla/5.0 (Windows NT 10.0; Win64; x64) AppleWebKit/537.36 (KHTML, like Gecko) Chrome/96.0.4664.93 Safari/537.36 Edg/96.0.1054.53"
::1 - - [12/Dec/2021:22:51:15 +0000] "POST /api/admin/login HTTP/1.1" 400 16 "http://localhost:3000/" "Mozilla/5.0 (Windows NT 10.0; Win64; x64) AppleWebKit/537.36 (KHTML, like Gecko) Chrome/96.0.4664.93 Safari/537.36 Edg/96.0.1054.53"
::1 - - [12/Dec/2021:22:51:23 +0000] "OPTIONS /api/admin/login HTTP/1.1" 200 4 "http://localhost:3000/" "Mozilla/5.0 (Windows NT 10.0; Win64; x64) AppleWebKit/537.36 (KHTML, like Gecko) Chrome/96.0.4664.93 Safari/537.36 Edg/96.0.1054.53"
::1 - - [12/Dec/2021:22:51:23 +0000] "POST /api/admin/login HTTP/1.1" 400 16 "http://localhost:3000/" "Mozilla/5.0 (Windows NT 10.0; Win64; x64) AppleWebKit/537.36 (KHTML, like Gecko) Chrome/96.0.4664.93 Safari/537.36 Edg/96.0.1054.53"
::1 - - [12/Dec/2021:22:51:23 +0000] "POST /api/admin/login HTTP/1.1" 400 16 "http://localhost:3000/" "Mozilla/5.0 (Windows NT 10.0; Win64; x64) AppleWebKit/537.36 (KHTML, like Gecko) Chrome/96.0.4664.93 Safari/537.36 Edg/96.0.1054.53"
::1 - - [12/Dec/2021:22:51:29 +0000] "OPTIONS /api/admin/login HTTP/1.1" 200 4 "http://localhost:3000/" "Mozilla/5.0 (Windows NT 10.0; Win64; x64) AppleWebKit/537.36 (KHTML, like Gecko) Chrome/96.0.4664.93 Safari/537.36 Edg/96.0.1054.53"
::1 - - [12/Dec/2021:22:51:29 +0000] "POST /api/admin/login HTTP/1.1" 200 7 "http://localhost:3000/" "Mozilla/5.0 (Windows NT 10.0; Win64; x64) AppleWebKit/537.36 (KHTML, like Gecko) Chrome/96.0.4664.93 Safari/537.36 Edg/96.0.1054.53"
::1 - - [12/Dec/2021:22:51:31 +0000] "POST /api/admin/login HTTP/1.1" 200 7 "http://localhost:3000/" "Mozilla/5.0 (Windows NT 10.0; Win64; x64) AppleWebKit/537.36 (KHTML, like Gecko) Chrome/96.0.4664.93 Safari/537.36 Edg/96.0.1054.53"
::1 - - [12/Dec/2021:22:51:31 +0000] "POST /api/admin/login HTTP/1.1" 200 7 "http://localhost:3000/" "Mozilla/5.0 (Windows NT 10.0; Win64; x64) AppleWebKit/537.36 (KHTML, like Gecko) Chrome/96.0.4664.93 Safari/537.36 Edg/96.0.1054.53"
::1 - - [12/Dec/2021:22:51:31 +0000] "POST /api/admin/login HTTP/1.1" 200 7 "http://localhost:3000/" "Mozilla/5.0 (Windows NT 10.0; Win64; x64) AppleWebKit/537.36 (KHTML, like Gecko) Chrome/96.0.4664.93 Safari/537.36 Edg/96.0.1054.53"
::1 - - [12/Dec/2021:22:51:34 +0000] "POST /api/admin/login HTTP/1.1" 200 7 "http://localhost:3000/" "Mozilla/5.0 (Windows NT 10.0; Win64; x64) AppleWebKit/537.36 (KHTML, like Gecko) Chrome/96.0.4664.93 Safari/537.36 Edg/96.0.1054.53"
::1 - - [12/Dec/2021:22:51:34 +0000] "OPTIONS /api/admin/login HTTP/1.1" 200 4 "http://localhost:3000/" "Mozilla/5.0 (Windows NT 10.0; Win64; x64) AppleWebKit/537.36 (KHTML, like Gecko) Chrome/96.0.4664.93 Safari/537.36 Edg/96.0.1054.53"
::1 - - [12/Dec/2021:22:51:35 +0000] "POST /api/admin/login HTTP/1.1" 200 7 "http://localhost:3000/" "Mozilla/5.0 (Windows NT 10.0; Win64; x64) AppleWebKit/537.36 (KHTML, like Gecko) Chrome/96.0.4664.93 Safari/537.36 Edg/96.0.1054.53"
::1 - - [12/Dec/2021:22:51:35 +0000] "POST /api/admin/login HTTP/1.1" 200 7 "http://localhost:3000/" "Mozilla/5.0 (Windows NT 10.0; Win64; x64) AppleWebKit/537.36 (KHTML, like Gecko) Chrome/96.0.4664.93 Safari/537.36 Edg/96.0.1054.53"
::1 - - [12/Dec/2021:22:51:36 +0000] "POST /api/admin/login HTTP/1.1" 200 7 "http://localhost:3000/" "Mozilla/5.0 (Windows NT 10.0; Win64; x64) AppleWebKit/537.36 (KHTML, like Gecko) Chrome/96.0.4664.93 Safari/537.36 Edg/96.0.1054.53"
::1 - - [12/Dec/2021:22:52:04 +0000] "OPTIONS /api/admin/login HTTP/1.1" 200 4 "http://localhost:3000/" "Mozilla/5.0 (Windows NT 10.0; Win64; x64) AppleWebKit/537.36 (KHTML, like Gecko) Chrome/96.0.4664.93 Safari/537.36 Edg/96.0.1054.53"
::1 - - [12/Dec/2021:22:52:05 +0000] "POST /api/admin/login HTTP/1.1" 200 7 "http://localhost:3000/" "Mozilla/5.0 (Windows NT 10.0; Win64; x64) AppleWebKit/537.36 (KHTML, like Gecko) Chrome/96.0.4664.93 Safari/537.36 Edg/96.0.1054.53"
::1 - - [12/Dec/2021:22:52:05 +0000] "POST /api/admin/login HTTP/1.1" 200 7 "http://localhost:3000/" "Mozilla/5.0 (Windows NT 10.0; Win64; x64) AppleWebKit/537.36 (KHTML, like Gecko) Chrome/96.0.4664.93 Safari/537.36 Edg/96.0.1054.53"
::1 - - [12/Dec/2021:22:52:08 +0000] "POST /api/admin/login HTTP/1.1" 200 7 "http://localhost:3000/" "Mozilla/5.0 (Windows NT 10.0; Win64; x64) AppleWebKit/537.36 (KHTML, like Gecko) Chrome/96.0.4664.93 Safari/537.36 Edg/96.0.1054.53"
::1 - - [12/Dec/2021:22:52:09 +0000] "POST /api/admin/login HTTP/1.1" 200 7 "http://localhost:3000/" "Mozilla/5.0 (Windows NT 10.0; Win64; x64) AppleWebKit/537.36 (KHTML, like Gecko) Chrome/96.0.4664.93 Safari/537.36 Edg/96.0.1054.53"
::1 - - [12/Dec/2021:22:52:10 +0000] "POST /api/admin/login HTTP/1.1" 200 7 "http://localhost:3000/" "Mozilla/5.0 (Windows NT 10.0; Win64; x64) AppleWebKit/537.36 (KHTML, like Gecko) Chrome/96.0.4664.93 Safari/537.36 Edg/96.0.1054.53"
::1 - - [12/Dec/2021:22:52:28 +0000] "OPTIONS /api/admin/login HTTP/1.1" 200 4 "http://localhost:3000/" "Mozilla/5.0 (Windows NT 10.0; Win64; x64) AppleWebKit/537.36 (KHTML, like Gecko) Chrome/96.0.4664.93 Safari/537.36 Edg/96.0.1054.53"
::1 - - [12/Dec/2021:22:52:30 +0000] "POST /api/admin/login HTTP/1.1" 200 7 "http://localhost:3000/" "Mozilla/5.0 (Windows NT 10.0; Win64; x64) AppleWebKit/537.36 (KHTML, like Gecko) Chrome/96.0.4664.93 Safari/537.36 Edg/96.0.1054.53"
::1 - - [12/Dec/2021:22:52:31 +0000] "POST /api/admin/login HTTP/1.1" 200 7 "http://localhost:3000/" "Mozilla/5.0 (Windows NT 10.0; Win64; x64) AppleWebKit/537.36 (KHTML, like Gecko) Chrome/96.0.4664.93 Safari/537.36 Edg/96.0.1054.53"
::1 - - [12/Dec/2021:22:52:32 +0000] "POST /api/admin/login HTTP/1.1" 200 7 "http://localhost:3000/" "Mozilla/5.0 (Windows NT 10.0; Win64; x64) AppleWebKit/537.36 (KHTML, like Gecko) Chrome/96.0.4664.93 Safari/537.36 Edg/96.0.1054.53"
::1 - - [12/Dec/2021:22:52:39 +0000] "OPTIONS /api/admin/login HTTP/1.1" 200 4 "http://localhost:3000/" "Mozilla/5.0 (Windows NT 10.0; Win64; x64) AppleWebKit/537.36 (KHTML, like Gecko) Chrome/96.0.4664.93 Safari/537.36 Edg/96.0.1054.53"
::1 - - [12/Dec/2021:22:52:40 +0000] "POST /api/admin/login HTTP/1.1" 200 11 "http://localhost:3000/" "Mozilla/5.0 (Windows NT 10.0; Win64; x64) AppleWebKit/537.36 (KHTML, like Gecko) Chrome/96.0.4664.93 Safari/537.36 Edg/96.0.1054.53"
::1 - - [12/Dec/2021:22:52:43 +0000] "POST /api/admin/login HTTP/1.1" 200 7 "http://localhost:3000/" "Mozilla/5.0 (Windows NT 10.0; Win64; x64) AppleWebKit/537.36 (KHTML, like Gecko) Chrome/96.0.4664.93 Safari/537.36 Edg/96.0.1054.53"
::1 - - [12/Dec/2021:22:52:44 +0000] "POST /api/admin/login HTTP/1.1" 200 7 "http://localhost:3000/" "Mozilla/5.0 (Windows NT 10.0; Win64; x64) AppleWebKit/537.36 (KHTML, like Gecko) Chrome/96.0.4664.93 Safari/537.36 Edg/96.0.1054.53"
::1 - - [12/Dec/2021:22:53:00 +0000] "OPTIONS /api/admin/login HTTP/1.1" 200 4 "http://localhost:3000/" "Mozilla/5.0 (Windows NT 10.0; Win64; x64) AppleWebKit/537.36 (KHTML, like Gecko) Chrome/96.0.4664.93 Safari/537.36 Edg/96.0.1054.53"
::1 - - [12/Dec/2021:22:53:00 +0000] "POST /api/admin/login HTTP/1.1" 200 7 "http://localhost:3000/" "Mozilla/5.0 (Windows NT 10.0; Win64; x64) AppleWebKit/537.36 (KHTML, like Gecko) Chrome/96.0.4664.93 Safari/537.36 Edg/96.0.1054.53"
::1 - - [12/Dec/2021:22:53:03 +0000] "POST /api/admin/login HTTP/1.1" 200 7 "http://localhost:3000/" "Mozilla/5.0 (Windows NT 10.0; Win64; x64) AppleWebKit/537.36 (KHTML, like Gecko) Chrome/96.0.4664.93 Safari/537.36 Edg/96.0.1054.53"
::1 - - [12/Dec/2021:22:53:04 +0000] "POST /api/admin/login HTTP/1.1" 200 7 "http://localhost:3000/" "Mozilla/5.0 (Windows NT 10.0; Win64; x64) AppleWebKit/537.36 (KHTML, like Gecko) Chrome/96.0.4664.93 Safari/537.36 Edg/96.0.1054.53"
::1 - - [12/Dec/2021:22:53:58 +0000] "OPTIONS /api/admin/login HTTP/1.1" 200 4 "http://localhost:3000/" "Mozilla/5.0 (Windows NT 10.0; Win64; x64) AppleWebKit/537.36 (KHTML, like Gecko) Chrome/96.0.4664.93 Safari/537.36 Edg/96.0.1054.53"
::1 - - [12/Dec/2021:22:53:58 +0000] "POST /api/admin/login HTTP/1.1" 500 - "http://localhost:3000/" "Mozilla/5.0 (Windows NT 10.0; Win64; x64) AppleWebKit/537.36 (KHTML, like Gecko) Chrome/96.0.4664.93 Safari/537.36 Edg/96.0.1054.53"
::1 - - [12/Dec/2021:22:54:04 +0000] "OPTIONS /api/admin/login HTTP/1.1" 200 4 "http://localhost:3000/" "Mozilla/5.0 (Windows NT 10.0; Win64; x64) AppleWebKit/537.36 (KHTML, like Gecko) Chrome/96.0.4664.93 Safari/537.36 Edg/96.0.1054.53"
::1 - - [12/Dec/2021:22:54:05 +0000] "POST /api/admin/login HTTP/1.1" 500 7 "http://localhost:3000/" "Mozilla/5.0 (Windows NT 10.0; Win64; x64) AppleWebKit/537.36 (KHTML, like Gecko) Chrome/96.0.4664.93 Safari/537.36 Edg/96.0.1054.53"
::1 - - [12/Dec/2021:22:54:10 +0000] "OPTIONS /api/admin/login HTTP/1.1" 200 4 "http://localhost:3000/" "Mozilla/5.0 (Windows NT 10.0; Win64; x64) AppleWebKit/537.36 (KHTML, like Gecko) Chrome/96.0.4664.93 Safari/537.36 Edg/96.0.1054.53"
::1 - - [12/Dec/2021:22:54:10 +0000] "POST /api/admin/login HTTP/1.1" 400 16 "http://localhost:3000/" "Mozilla/5.0 (Windows NT 10.0; Win64; x64) AppleWebKit/537.36 (KHTML, like Gecko) Chrome/96.0.4664.93 Safari/537.36 Edg/96.0.1054.53"
::1 - - [12/Dec/2021:22:54:12 +0000] "POST /api/admin/login HTTP/1.1" 400 16 "http://localhost:3000/" "Mozilla/5.0 (Windows NT 10.0; Win64; x64) AppleWebKit/537.36 (KHTML, like Gecko) Chrome/96.0.4664.93 Safari/537.36 Edg/96.0.1054.53"
::1 - - [12/Dec/2021:22:54:14 +0000] "POST /api/admin/login HTTP/1.1" 400 16 "http://localhost:3000/" "Mozilla/5.0 (Windows NT 10.0; Win64; x64) AppleWebKit/537.36 (KHTML, like Gecko) Chrome/96.0.4664.93 Safari/537.36 Edg/96.0.1054.53"
::1 - - [12/Dec/2021:22:54:15 +0000] "POST /api/admin/login HTTP/1.1" 400 16 "http://localhost:3000/" "Mozilla/5.0 (Windows NT 10.0; Win64; x64) AppleWebKit/537.36 (KHTML, like Gecko) Chrome/96.0.4664.93 Safari/537.36 Edg/96.0.1054.53"
::1 - - [12/Dec/2021:22:54:17 +0000] "OPTIONS /api/admin/login HTTP/1.1" 200 4 "http://localhost:3000/" "Mozilla/5.0 (Windows NT 10.0; Win64; x64) AppleWebKit/537.36 (KHTML, like Gecko) Chrome/96.0.4664.93 Safari/537.36 Edg/96.0.1054.53"
::1 - - [12/Dec/2021:22:54:17 +0000] "POST /api/admin/login HTTP/1.1" 400 16 "http://localhost:3000/" "Mozilla/5.0 (Windows NT 10.0; Win64; x64) AppleWebKit/537.36 (KHTML, like Gecko) Chrome/96.0.4664.93 Safari/537.36 Edg/96.0.1054.53"
::1 - - [12/Dec/2021:22:54:17 +0000] "POST /api/admin/login HTTP/1.1" 400 16 "http://localhost:3000/" "Mozilla/5.0 (Windows NT 10.0; Win64; x64) AppleWebKit/537.36 (KHTML, like Gecko) Chrome/96.0.4664.93 Safari/537.36 Edg/96.0.1054.53"
::1 - - [12/Dec/2021:22:55:09 +0000] "OPTIONS /api/admin/login HTTP/1.1" 200 4 "http://localhost:3000/" "Mozilla/5.0 (Windows NT 10.0; Win64; x64) AppleWebKit/537.36 (KHTML, like Gecko) Chrome/96.0.4664.93 Safari/537.36 Edg/96.0.1054.53"
::1 - - [12/Dec/2021:22:55:09 +0000] "POST /api/admin/login HTTP/1.1" 500 - "http://localhost:3000/" "Mozilla/5.0 (Windows NT 10.0; Win64; x64) AppleWebKit/537.36 (KHTML, like Gecko) Chrome/96.0.4664.93 Safari/537.36 Edg/96.0.1054.53"
::1 - - [12/Dec/2021:22:55:12 +0000] "POST /api/admin/login HTTP/1.1" 400 16 "http://localhost:3000/" "Mozilla/5.0 (Windows NT 10.0; Win64; x64) AppleWebKit/537.36 (KHTML, like Gecko) Chrome/96.0.4664.93 Safari/537.36 Edg/96.0.1054.53"
::1 - - [12/Dec/2021:22:55:31 +0000] "OPTIONS /api/admin/login HTTP/1.1" 200 4 "http://localhost:3000/" "Mozilla/5.0 (Windows NT 10.0; Win64; x64) AppleWebKit/537.36 (KHTML, like Gecko) Chrome/96.0.4664.93 Safari/537.36 Edg/96.0.1054.53"
::1 - - [12/Dec/2021:22:55:32 +0000] "POST /api/admin/login HTTP/1.1" 500 - "http://localhost:3000/" "Mozilla/5.0 (Windows NT 10.0; Win64; x64) AppleWebKit/537.36 (KHTML, like Gecko) Chrome/96.0.4664.93 Safari/537.36 Edg/96.0.1054.53"
::1 - - [12/Dec/2021:22:55:48 +0000] "OPTIONS /api/admin/login HTTP/1.1" 200 4 "http://localhost:3000/" "Mozilla/5.0 (Windows NT 10.0; Win64; x64) AppleWebKit/537.36 (KHTML, like Gecko) Chrome/96.0.4664.93 Safari/537.36 Edg/96.0.1054.53"
::1 - - [12/Dec/2021:22:55:48 +0000] "POST /api/admin/login HTTP/1.1" 400 16 "http://localhost:3000/" "Mozilla/5.0 (Windows NT 10.0; Win64; x64) AppleWebKit/537.36 (KHTML, like Gecko) Chrome/96.0.4664.93 Safari/537.36 Edg/96.0.1054.53"
::1 - - [12/Dec/2021:23:08:15 +0000] "OPTIONS /api/admin/login HTTP/1.1" 200 4 "http://localhost:3000/" "Mozilla/5.0 (Windows NT 10.0; Win64; x64) AppleWebKit/537.36 (KHTML, like Gecko) Chrome/96.0.4664.93 Safari/537.36 Edg/96.0.1054.53"
::1 - - [12/Dec/2021:23:08:15 +0000] "POST /api/admin/login HTTP/1.1" 400 16 "http://localhost:3000/" "Mozilla/5.0 (Windows NT 10.0; Win64; x64) AppleWebKit/537.36 (KHTML, like Gecko) Chrome/96.0.4664.93 Safari/537.36 Edg/96.0.1054.53"
